Arguments: 
  D:\NodeJS_NVM\node.exe D:\NodeJS_NVM\node_modules\yarn\bin\yarn.js add nodenom

PATH: 
  C:\Program Files (x86)\Intel\iCLS Client\;C:\Program Files\Intel\iCLS Client\;C:\Windows\system32;C:\Windows;C:\Windows\System32\Wbem;C:\Windows\System32\WindowsPowerShell\v1.0\;C:\Program Files (x86)\NVIDIA Corporation\PhysX\Common;C:\Program Files (x86)\Intel\Intel(R) Management Engine Components\DAL;C:\Program Files\Intel\Intel(R) Management Engine Components\DAL;C:\Program Files (x86)\Intel\Intel(R) Management Engine Components\IPT;C:\Program Files\Intel\Intel(R) Management Engine Components\IPT;C:\Program Files\NVIDIA Corporation\NVIDIA NvDLISR;C:\WINDOWS\system32;C:\WINDOWS;C:\WINDOWS\System32\Wbem;C:\WINDOWS\System32\WindowsPowerShell\v1.0\;C:\Users\GameBoy\AppData\Roaming\Python\Python37\Scripts;D:\Git\usr\bin\;D:\Git\cmd;C:\WINDOWS\System32\OpenSSH\;C:\Users\GameBoy\AppData\Roaming\nvm;D:\NodeJS_NVM;D:\NodeJS;C:\Users\GameBoy\AppData\Local\Programs\Python\Python37\Scripts\;C:\Users\GameBoy\AppData\Local\Programs\Python\Python37\;C:\Users\GameBoy\AppData\Local\Microsoft\WindowsApps;C:\Users\GameBoy\AppData\Local\Programs\Microsoft VS Code\bin;C:\Users\GameBoy\AppData\Roaming\npm;C:\Users\GameBoy\AppData\Roaming\nvm;D:\NodeJS_NVM

Yarn version: 
  1.22.4

Node version: 
  14.7.0

Platform: 
  win32 x64

Trace: 
  Error: https://registry.yarnpkg.com/nodenom: Not found
      at Request.params.callback [as _callback] (C:\Users\GameBoy\AppData\Roaming\nvm\v14.7.0\node_modules\yarn\lib\cli.js:66987:18)
      at Request.self.callback (C:\Users\GameBoy\AppData\Roaming\nvm\v14.7.0\node_modules\yarn\lib\cli.js:140748:22)
      at Request.emit (events.js:314:20)
      at Request.<anonymous> (C:\Users\GameBoy\AppData\Roaming\nvm\v14.7.0\node_modules\yarn\lib\cli.js:141720:10)
      at Request.emit (events.js:314:20)
      at IncomingMessage.<anonymous> (C:\Users\GameBoy\AppData\Roaming\nvm\v14.7.0\node_modules\yarn\lib\cli.js:141642:12)
      at Object.onceWrapper (events.js:420:28)
      at IncomingMessage.emit (events.js:326:22)
      at endReadableNT (_stream_readable.js:1244:12)
      at processTicksAndRejections (internal/process/task_queues.js:80:21)

npm manifest: 
  No manifest

yarn manifest: 
  No manifest

Lockfile: 
  No lockfile
